This is pdfTeX, Version 3.14159265-2.6-1.40.17 (MiKTeX 2.9) (preloaded format=pdflatex 2017.10.17)  16 MAR 2018 14:51
entering extended mode
**S:/prog-econ/final_project_topics_Born/src/paper/research_paper.tex
(S:/prog-econ/final_project_topics_Born/src/paper/research_paper.tex
LaTeX2e <2016/03/31> patch level 3
Babel <3.9r> and hyphenation patterns for 75 language(s) loaded.
("C:\Program Files (x86)\MiKTeX 2.9\tex\latex\base\article.cls"
Document Class: article 2014/09/29 v1.4h Standard LaTeX document class
("C:\Program Files (x86)\MiKTeX 2.9\tex\latex\base\size10.clo"
File: size10.clo 2014/09/29 v1.4h Standard LaTeX file (size option)
)
\c@part=\count79
\c@section=\count80
\c@subsection=\count81
\c@subsubsection=\count82
\c@paragraph=\count83
\c@subparagraph=\count84
\c@figure=\count85
\c@table=\count86
\abovecaptionskip=\skip41
\belowcaptionskip=\skip42
\bibindent=\dimen102
)
(C:\Users\mdohmen\AppData\Roaming\MiKTeX\2.9\tex\latex\a4wide\a4wide.sty
Package: a4wide 1994/08/30

(C:\Users\mdohmen\AppData\Roaming\MiKTeX\2.9\tex\latex\ntgclass\a4.sty
Package: a4 2004/04/15 v1.2g A4 based page layout
))
("C:\Program Files (x86)\MiKTeX 2.9\tex\latex\base\fontenc.sty"
Package: fontenc 2016/06/19 v1.99m Standard LaTeX package

("C:\Program Files (x86)\MiKTeX 2.9\tex\latex\base\t1enc.def"
File: t1enc.def 2016/06/19 v1.99m Standard LaTeX file
LaTeX Font Info:    Redeclaring font encoding T1 on input line 48.
))
("C:\Program Files (x86)\MiKTeX 2.9\tex\latex\base\inputenc.sty"
Package: inputenc 2015/03/17 v1.2c Input encoding file
\inpenc@prehook=\toks14
\inpenc@posthook=\toks15

("C:\Program Files (x86)\MiKTeX 2.9\tex\latex\base\utf8.def"
File: utf8.def 2016/02/28 v1.1s UTF-8 support for inputenc
Now handling font encoding OML ...
... no UTF-8 mapping file for font encoding OML
Now handling font encoding T1 ...
... processing UTF-8 mapping file for font encoding T1

("C:\Program Files (x86)\MiKTeX 2.9\tex\latex\base\t1enc.dfu"
File: t1enc.dfu 2016/02/28 v1.1s UTF-8 support for inputenc
   defining Unicode char U+00A0 (decimal 160)
   defining Unicode char U+00A1 (decimal 161)
   defining Unicode char U+00A3 (decimal 163)
   defining Unicode char U+00AB (decimal 171)
   defining Unicode char U+00AD (decimal 173)
   defining Unicode char U+00BB (decimal 187)
   defining Unicode char U+00BF (decimal 191)
   defining Unicode char U+00C0 (decimal 192)
   defining Unicode char U+00C1 (decimal 193)
   defining Unicode char U+00C2 (decimal 194)
   defining Unicode char U+00C3 (decimal 195)
   defining Unicode char U+00C4 (decimal 196)
   defining Unicode char U+00C5 (decimal 197)
   defining Unicode char U+00C6 (decimal 198)
   defining Unicode char U+00C7 (decimal 199)
   defining Unicode char U+00C8 (decimal 200)
   defining Unicode char U+00C9 (decimal 201)
   defining Unicode char U+00CA (decimal 202)
   defining Unicode char U+00CB (decimal 203)
   defining Unicode char U+00CC (decimal 204)
   defining Unicode char U+00CD (decimal 205)
   defining Unicode char U+00CE (decimal 206)
   defining Unicode char U+00CF (decimal 207)
   defining Unicode char U+00D0 (decimal 208)
   defining Unicode char U+00D1 (decimal 209)
   defining Unicode char U+00D2 (decimal 210)
   defining Unicode char U+00D3 (decimal 211)
   defining Unicode char U+00D4 (decimal 212)
   defining Unicode char U+00D5 (decimal 213)
   defining Unicode char U+00D6 (decimal 214)
   defining Unicode char U+00D8 (decimal 216)
   defining Unicode char U+00D9 (decimal 217)
   defining Unicode char U+00DA (decimal 218)
   defining Unicode char U+00DB (decimal 219)
   defining Unicode char U+00DC (decimal 220)
   defining Unicode char U+00DD (decimal 221)
   defining Unicode char U+00DE (decimal 222)
   defining Unicode char U+00DF (decimal 223)
   defining Unicode char U+00E0 (decimal 224)
   defining Unicode char U+00E1 (decimal 225)
   defining Unicode char U+00E2 (decimal 226)
   defining Unicode char U+00E3 (decimal 227)
   defining Unicode char U+00E4 (decimal 228)
   defining Unicode char U+00E5 (decimal 229)
   defining Unicode char U+00E6 (decimal 230)
   defining Unicode char U+00E7 (decimal 231)
   defining Unicode char U+00E8 (decimal 232)
   defining Unicode char U+00E9 (decimal 233)
   defining Unicode char U+00EA (decimal 234)
   defining Unicode char U+00EB (decimal 235)
   defining Unicode char U+00EC (decimal 236)
   defining Unicode char U+00ED (decimal 237)
   defining Unicode char U+00EE (decimal 238)
   defining Unicode char U+00EF (decimal 239)
   defining Unicode char U+00F0 (decimal 240)
   defining Unicode char U+00F1 (decimal 241)
   defining Unicode char U+00F2 (decimal 242)
   defining Unicode char U+00F3 (decimal 243)
   defining Unicode char U+00F4 (decimal 244)
   defining Unicode char U+00F5 (decimal 245)
   defining Unicode char U+00F6 (decimal 246)
   defining Unicode char U+00F8 (decimal 248)
   defining Unicode char U+00F9 (decimal 249)
   defining Unicode char U+00FA (decimal 250)
   defining Unicode char U+00FB (decimal 251)
   defining Unicode char U+00FC (decimal 252)
   defining Unicode char U+00FD (decimal 253)
   defining Unicode char U+00FE (decimal 254)
   defining Unicode char U+00FF (decimal 255)
   defining Unicode char U+0100 (decimal 256)
   defining Unicode char U+0101 (decimal 257)
   defining Unicode char U+0102 (decimal 258)
   defining Unicode char U+0103 (decimal 259)
   defining Unicode char U+0104 (decimal 260)
   defining Unicode char U+0105 (decimal 261)
   defining Unicode char U+0106 (decimal 262)
   defining Unicode char U+0107 (decimal 263)
   defining Unicode char U+0108 (decimal 264)
   defining Unicode char U+0109 (decimal 265)
   defining Unicode char U+010A (decimal 266)
   defining Unicode char U+010B (decimal 267)
   defining Unicode char U+010C (decimal 268)
   defining Unicode char U+010D (decimal 269)
   defining Unicode char U+010E (decimal 270)
   defining Unicode char U+010F (decimal 271)
   defining Unicode char U+0110 (decimal 272)
   defining Unicode char U+0111 (decimal 273)
   defining Unicode char U+0112 (decimal 274)
   defining Unicode char U+0113 (decimal 275)
   defining Unicode char U+0114 (decimal 276)
   defining Unicode char U+0115 (decimal 277)
   defining Unicode char U+0116 (decimal 278)
   defining Unicode char U+0117 (decimal 279)
   defining Unicode char U+0118 (decimal 280)
   defining Unicode char U+0119 (decimal 281)
   defining Unicode char U+011A (decimal 282)
   defining Unicode char U+011B (decimal 283)
   defining Unicode char U+011C (decimal 284)
   defining Unicode char U+011D (decimal 285)
   defining Unicode char U+011E (decimal 286)
   defining Unicode char U+011F (decimal 287)
   defining Unicode char U+0120 (decimal 288)
   defining Unicode char U+0121 (decimal 289)
   defining Unicode char U+0122 (decimal 290)
   defining Unicode char U+0123 (decimal 291)
   defining Unicode char U+0124 (decimal 292)
   defining Unicode char U+0125 (decimal 293)
   defining Unicode char U+0128 (decimal 296)
   defining Unicode char U+0129 (decimal 297)
   defining Unicode char U+012A (decimal 298)
   defining Unicode char U+012B (decimal 299)
   defining Unicode char U+012C (decimal 300)
   defining Unicode char U+012D (decimal 301)
   defining Unicode char U+012E (decimal 302)
   defining Unicode char U+012F (decimal 303)
   defining Unicode char U+0130 (decimal 304)
   defining Unicode char U+0131 (decimal 305)
   defining Unicode char U+0132 (decimal 306)
   defining Unicode char U+0133 (decimal 307)
   defining Unicode char U+0134 (decimal 308)
   defining Unicode char U+0135 (decimal 309)
   defining Unicode char U+0136 (decimal 310)
   defining Unicode char U+0137 (decimal 311)
   defining Unicode char U+0139 (decimal 313)
   defining Unicode char U+013A (decimal 314)
   defining Unicode char U+013B (decimal 315)
   defining Unicode char U+013C (decimal 316)
   defining Unicode char U+013D (decimal 317)
   defining Unicode char U+013E (decimal 318)
   defining Unicode char U+0141 (decimal 321)
   defining Unicode char U+0142 (decimal 322)
   defining Unicode char U+0143 (decimal 323)
   defining Unicode char U+0144 (decimal 324)
   defining Unicode char U+0145 (decimal 325)
   defining Unicode char U+0146 (decimal 326)
   defining Unicode char U+0147 (decimal 327)
   defining Unicode char U+0148 (decimal 328)
   defining Unicode char U+014A (decimal 330)
   defining Unicode char U+014B (decimal 331)
   defining Unicode char U+014C (decimal 332)
   defining Unicode char U+014D (decimal 333)
   defining Unicode char U+014E (decimal 334)
   defining Unicode char U+014F (decimal 335)
   defining Unicode char U+0150 (decimal 336)
   defining Unicode char U+0151 (decimal 337)
   defining Unicode char U+0152 (decimal 338)
   defining Unicode char U+0153 (decimal 339)
   defining Unicode char U+0154 (decimal 340)
   defining Unicode char U+0155 (decimal 341)
   defining Unicode char U+0156 (decimal 342)
   defining Unicode char U+0157 (decimal 343)
   defining Unicode char U+0158 (decimal 344)
   defining Unicode char U+0159 (decimal 345)
   defining Unicode char U+015A (decimal 346)
   defining Unicode char U+015B (decimal 347)
   defining Unicode char U+015C (decimal 348)
   defining Unicode char U+015D (decimal 349)
   defining Unicode char U+015E (decimal 350)
   defining Unicode char U+015F (decimal 351)
   defining Unicode char U+0160 (decimal 352)
   defining Unicode char U+0161 (decimal 353)
   defining Unicode char U+0162 (decimal 354)
   defining Unicode char U+0163 (decimal 355)
   defining Unicode char U+0164 (decimal 356)
   defining Unicode char U+0165 (decimal 357)
   defining Unicode char U+0168 (decimal 360)
   defining Unicode char U+0169 (decimal 361)
   defining Unicode char U+016A (decimal 362)
   defining Unicode char U+016B (decimal 363)
   defining Unicode char U+016C (decimal 364)
   defining Unicode char U+016D (decimal 365)
   defining Unicode char U+016E (decimal 366)
   defining Unicode char U+016F (decimal 367)
   defining Unicode char U+0170 (decimal 368)
   defining Unicode char U+0171 (decimal 369)
   defining Unicode char U+0172 (decimal 370)
   defining Unicode char U+0173 (decimal 371)
   defining Unicode char U+0174 (decimal 372)
   defining Unicode char U+0175 (decimal 373)
   defining Unicode char U+0176 (decimal 374)
   defining Unicode char U+0177 (decimal 375)
   defining Unicode char U+0178 (decimal 376)
   defining Unicode char U+0179 (decimal 377)
   defining Unicode char U+017A (decimal 378)
   defining Unicode char U+017B (decimal 379)
   defining Unicode char U+017C (decimal 380)
   defining Unicode char U+017D (decimal 381)
   defining Unicode char U+017E (decimal 382)
   defining Unicode char U+01CD (decimal 461)
   defining Unicode char U+01CE (decimal 462)
   defining Unicode char U+01CF (decimal 463)
   defining Unicode char U+01D0 (decimal 464)
   defining Unicode char U+01D1 (decimal 465)
   defining Unicode char U+01D2 (decimal 466)
   defining Unicode char U+01D3 (decimal 467)
   defining Unicode char U+01D4 (decimal 468)
   defining Unicode char U+01E2 (decimal 482)
   defining Unicode char U+01E3 (decimal 483)
   defining Unicode char U+01E6 (decimal 486)
   defining Unicode char U+01E7 (decimal 487)
   defining Unicode char U+01E8 (decimal 488)
   defining Unicode char U+01E9 (decimal 489)
   defining Unicode char U+01EA (decimal 490)
   defining Unicode char U+01EB (decimal 491)
   defining Unicode char U+01F0 (decimal 496)
   defining Unicode char U+01F4 (decimal 500)
   defining Unicode char U+01F5 (decimal 501)
   defining Unicode char U+0218 (decimal 536)
   defining Unicode char U+0219 (decimal 537)
   defining Unicode char U+021A (decimal 538)
   defining Unicode char U+021B (decimal 539)
   defining Unicode char U+1E02 (decimal 7682)
   defining Unicode char U+1E03 (decimal 7683)
   defining Unicode char U+200C (decimal 8204)
   defining Unicode char U+2010 (decimal 8208)
   defining Unicode char U+2011 (decimal 8209)
   defining Unicode char U+2012 (decimal 8210)
   defining Unicode char U+2013 (decimal 8211)
   defining Unicode char U+2014 (decimal 8212)
   defining Unicode char U+2015 (decimal 8213)
   defining Unicode char U+2018 (decimal 8216)
   defining Unicode char U+2019 (decimal 8217)
   defining Unicode char U+201A (decimal 8218)
   defining Unicode char U+201C (decimal 8220)
   defining Unicode char U+201D (decimal 8221)
   defining Unicode char U+201E (decimal 8222)
   defining Unicode char U+2030 (decimal 8240)
   defining Unicode char U+2031 (decimal 8241)
   defining Unicode char U+2039 (decimal 8249)
   defining Unicode char U+203A (decimal 8250)
   defining Unicode char U+2423 (decimal 9251)
)
Now handling font encoding OT1 ...
... processing UTF-8 mapping file for font encoding OT1

("C:\Program Files (x86)\MiKTeX 2.9\tex\latex\base\ot1enc.dfu"
File: ot1enc.dfu 2016/02/28 v1.1s UTF-8 support for inputenc
   defining Unicode char U+00A0 (decimal 160)
   defining Unicode char U+00A1 (decimal 161)
   defining Unicode char U+00A3 (decimal 163)
   defining Unicode char U+00AD (decimal 173)
   defining Unicode char U+00B8 (decimal 184)
   defining Unicode char U+00BF (decimal 191)
   defining Unicode char U+00C5 (decimal 197)
   defining Unicode char U+00C6 (decimal 198)
   defining Unicode char U+00D8 (decimal 216)
   defining Unicode char U+00DF (decimal 223)
   defining Unicode char U+00E6 (decimal 230)
   defining Unicode char U+00EC (decimal 236)
   defining Unicode char U+00ED (decimal 237)
   defining Unicode char U+00EE (decimal 238)
   defining Unicode char U+00EF (decimal 239)
   defining Unicode char U+00F8 (decimal 248)
   defining Unicode char U+0131 (decimal 305)
   defining Unicode char U+0141 (decimal 321)
   defining Unicode char U+0142 (decimal 322)
   defining Unicode char U+0152 (decimal 338)
   defining Unicode char U+0153 (decimal 339)
   defining Unicode char U+0174 (decimal 372)
   defining Unicode char U+0175 (decimal 373)
   defining Unicode char U+0176 (decimal 374)
   defining Unicode char U+0177 (decimal 375)
   defining Unicode char U+0218 (decimal 536)
   defining Unicode char U+0219 (decimal 537)
   defining Unicode char U+021A (decimal 538)
   defining Unicode char U+021B (decimal 539)
   defining Unicode char U+2013 (decimal 8211)
   defining Unicode char U+2014 (decimal 8212)
   defining Unicode char U+2018 (decimal 8216)
   defining Unicode char U+2019 (decimal 8217)
   defining Unicode char U+201C (decimal 8220)
   defining Unicode char U+201D (decimal 8221)
)
Now handling font encoding OMS ...
... processing UTF-8 mapping file for font encoding OMS

("C:\Program Files (x86)\MiKTeX 2.9\tex\latex\base\omsenc.dfu"
File: omsenc.dfu 2016/02/28 v1.1s UTF-8 support for inputenc
   defining Unicode char U+00A7 (decimal 167)
   defining Unicode char U+00B6 (decimal 182)
   defining Unicode char U+00B7 (decimal 183)
   defining Unicode char U+2020 (decimal 8224)
   defining Unicode char U+2021 (decimal 8225)
   defining Unicode char U+2022 (decimal 8226)
)
Now handling font encoding OMX ...
... no UTF-8 mapping file for font encoding OMX
Now handling font encoding U ...
... no UTF-8 mapping file for font encoding U
   defining Unicode char U+00A9 (decimal 169)
   defining Unicode char U+00AA (decimal 170)
   defining Unicode char U+00AE (decimal 174)
   defining Unicode char U+00BA (decimal 186)
   defining Unicode char U+02C6 (decimal 710)
   defining Unicode char U+02DC (decimal 732)
   defining Unicode char U+200C (decimal 8204)
   defining Unicode char U+2026 (decimal 8230)
   defining Unicode char U+2122 (decimal 8482)
   defining Unicode char U+2423 (decimal 9251)
))
("C:\Program Files (x86)\MiKTeX 2.9\tex\latex\float\float.sty"
Package: float 2001/11/08 v1.3d Float enhancements (AL)
\c@float@type=\count87
\float@exts=\toks16
\float@box=\box26
\@float@everytoks=\toks17
\@floatcapt=\box27
)
("C:\Program Files (x86)\MiKTeX 2.9\tex\latex\tools\afterpage.sty"
Package: afterpage 2014/10/28 v1.08 After-Page Package (DPC)
\AP@output=\toks18
\AP@partial=\box28
\AP@footins=\box29
)
("C:\Program Files (x86)\MiKTeX 2.9\tex\latex\graphics\rotating.sty"
Package: rotating 2016/05/22 v2.16c rotated objects in LaTeX

("C:\Program Files (x86)\MiKTeX 2.9\tex\latex\graphics\graphicx.sty"
Package: graphicx 2014/10/28 v1.0g Enhanced LaTeX Graphics (DPC,SPQR)

("C:\Program Files (x86)\MiKTeX 2.9\tex\latex\graphics\keyval.sty"
Package: keyval 2014/10/28 v1.15 key=value parser (DPC)
\KV@toks@=\toks19
)
("C:\Program Files (x86)\MiKTeX 2.9\tex\latex\graphics\graphics.sty"
Package: graphics 2016/07/10 v1.0t Standard LaTeX Graphics (DPC,SPQR)

("C:\Program Files (x86)\MiKTeX 2.9\tex\latex\graphics\trig.sty"
Package: trig 2016/01/03 v1.10 sin cos tan (DPC)
)
("C:\Program Files (x86)\MiKTeX 2.9\tex\latex\00miktex\graphics.cfg"
File: graphics.cfg 2016/06/04 v1.11 sample graphics configuration
)
Package graphics Info: Driver file: pdftex.def on input line 99.

("C:\Program Files (x86)\MiKTeX 2.9\tex\latex\graphics-def\pdftex.def"
File: pdftex.def 2016/07/10 v0.06j Graphics/color for pdfTeX

("C:\Program Files (x86)\MiKTeX 2.9\tex\generic\oberdiek\infwarerr.sty"
Package: infwarerr 2016/05/16 v1.4 Providing info/warning/error messages (HO)
)
("C:\Program Files (x86)\MiKTeX 2.9\tex\generic\oberdiek\ltxcmds.sty"
Package: ltxcmds 2016/05/16 v1.23 LaTeX kernel commands for general use (HO)
)
\Gread@gobject=\count88
))
\Gin@req@height=\dimen103
\Gin@req@width=\dimen104
)
("C:\Program Files (x86)\MiKTeX 2.9\tex\latex\base\ifthen.sty"
Package: ifthen 2014/09/29 v1.1c Standard LaTeX ifthen package (DPC)
)
\c@r@tfl@t=\count89
\rotFPtop=\skip43
\rotFPbot=\skip44
\rot@float@box=\box30
\rot@mess@toks=\toks20
)
("C:\Program Files (x86)\MiKTeX 2.9\tex\latex\oberdiek\epstopdf.sty"
Package: epstopdf 2016/05/15 v2.6 Conversion with epstopdf on the fly (HO)

("C:\Program Files (x86)\MiKTeX 2.9\tex\latex\oberdiek\epstopdf-base.sty"
Package: epstopdf-base 2016/05/15 v2.6 Base part for package epstopdf

("C:\Program Files (x86)\MiKTeX 2.9\tex\latex\oberdiek\grfext.sty"
Package: grfext 2016/05/16 v1.2 Manage graphics extensions (HO)

("C:\Program Files (x86)\MiKTeX 2.9\tex\generic\oberdiek\kvdefinekeys.sty"
Package: kvdefinekeys 2016/05/16 v1.4 Define keys (HO)
))
("C:\Program Files (x86)\MiKTeX 2.9\tex\latex\oberdiek\kvoptions.sty"
Package: kvoptions 2016/05/16 v3.12 Key value format for package options (HO)

("C:\Program Files (x86)\MiKTeX 2.9\tex\generic\oberdiek\kvsetkeys.sty"
Package: kvsetkeys 2016/05/16 v1.17 Key value parser (HO)

("C:\Program Files (x86)\MiKTeX 2.9\tex\generic\oberdiek\etexcmds.sty"
Package: etexcmds 2016/05/16 v1.6 Avoid name clashes with e-TeX commands (HO)

("C:\Program Files (x86)\MiKTeX 2.9\tex\generic\oberdiek\ifluatex.sty"
Package: ifluatex 2016/05/16 v1.4 Provides the ifluatex switch (HO)
Package ifluatex Info: LuaTeX not detected.
)
Package etexcmds Info: Could not find \expanded.
(etexcmds)             That can mean that you are not using pdfTeX 1.50 or
(etexcmds)             that some package has redefined \expanded.
(etexcmds)             In the latter case, load this package earlier.
)))
("C:\Program Files (x86)\MiKTeX 2.9\tex\generic\oberdiek\pdftexcmds.sty"
Package: pdftexcmds 2016/05/21 v0.22 Utility functions of pdfTeX for LuaTeX (HO
)

("C:\Program Files (x86)\MiKTeX 2.9\tex\generic\oberdiek\ifpdf.sty"
Package: ifpdf 2016/05/14 v3.1 Provides the ifpdf switch
)
Package pdftexcmds Info: LuaTeX not detected.
Package pdftexcmds Info: \pdf@primitive is available.
Package pdftexcmds Info: \pdf@ifprimitive is available.
Package pdftexcmds Info: \pdfdraftmode found.
)
Package epstopdf-base Info: Redefining graphics rule for `.eps' on input line 4
38.
Package grfext Info: Graphics extension search list:
(grfext)             [.png,.pdf,.jpg,.mps,.jpeg,.jbig2,.jb2,.PNG,.PDF,.JPG,.JPE
G,.JBIG2,.JB2,.eps]
(grfext)             \AppendGraphicsExtensions on input line 456.
))
("C:\Program Files (x86)\MiKTeX 2.9\tex\latex\tools\longtable.sty"
Package: longtable 2014/10/28 v4.11 Multi-page Table package (DPC)
\LTleft=\skip45
\LTright=\skip46
\LTpre=\skip47
\LTpost=\skip48
\LTchunksize=\count90
\LTcapwidth=\dimen105
\LT@head=\box31
\LT@firsthead=\box32
\LT@foot=\box33
\LT@lastfoot=\box34
\LT@cols=\count91
\LT@rows=\count92
\c@LT@tables=\count93
\c@LT@chunks=\count94
\LT@p@ftn=\toks21
)
(C:\Users\mdohmen\AppData\Roaming\MiKTeX\2.9\tex\latex\booktabs\booktabs.sty
Package: booktabs 2005/04/14 v1.61803 publication quality tables
\heavyrulewidth=\dimen106
\lightrulewidth=\dimen107
\cmidrulewidth=\dimen108
\belowrulesep=\dimen109
\belowbottomsep=\dimen110
\aboverulesep=\dimen111
\abovetopsep=\dimen112
\cmidrulesep=\dimen113
\cmidrulekern=\dimen114
\defaultaddspace=\dimen115
\@cmidla=\count95
\@cmidlb=\count96
\@aboverulesep=\dimen116
\@belowrulesep=\dimen117
\@thisruleclass=\count97
\@lastruleclass=\count98
\@thisrulewidth=\dimen118
)
("C:\Program Files (x86)\MiKTeX 2.9\tex\latex\tools\tabularx.sty"
Package: tabularx 2016/02/03 v2.11 `tabularx' package (DPC)

("C:\Program Files (x86)\MiKTeX 2.9\tex\latex\tools\array.sty"
Package: array 2014/10/28 v2.4c Tabular extension package (FMi)
\col@sep=\dimen119
\extrarowheight=\dimen120
\NC@list=\toks22
\extratabsurround=\skip49
\backup@length=\skip50
)
\TX@col@width=\dimen121
\TX@old@table=\dimen122
\TX@old@col=\dimen123
\TX@target=\dimen124
\TX@delta=\dimen125
\TX@cols=\count99
\TX@ftn=\toks23
)
(C:\Users\mdohmen\AppData\Roaming\MiKTeX\2.9\tex\latex\fancyvrb\fancyvrb.sty
Package: fancyvrb 2008/02/07

Style option: `fancyvrb' v2.7a, with DG/SPQR fixes, and firstline=lastline fix 
<2008/02/07> (tvz)
\FV@CodeLineNo=\count100
\FV@InFile=\read1
\FV@TabBox=\box35
\c@FancyVerbLine=\count101
\FV@StepNumber=\count102
\FV@OutFile=\write3
)
(C:\Users\mdohmen\AppData\Roaming\MiKTeX\2.9\tex\latex\moreverb\moreverb.sty
Package: moreverb 2008/06/03 v2.3a `more' verbatim facilities

("C:\Program Files (x86)\MiKTeX 2.9\tex\latex\tools\verbatim.sty"
Package: verbatim 2014/10/28 v1.5q LaTeX2e package for verbatim enhancements
\every@verbatim=\toks24
\verbatim@line=\toks25
\verbatim@in@stream=\read2
)
\tab@position=\count103
\tab@size=\count104
\listing@line=\count105
)
("C:\Program Files (x86)\MiKTeX 2.9\tex\latex\ltxmisc\relsize.sty"
Package: relsize 2003/07/04 ver 3.1
)
("C:\Program Files (x86)\MiKTeX 2.9\tex\latex\eurosym\eurosym.sty"
Package: eurosym 1998/08/06 v1.1 European currency symbol ``Euro''
\@eurobox=\box36
)
("C:\Program Files (x86)\MiKTeX 2.9\tex\latex\tools\calc.sty"
Package: calc 2014/10/28 v4.3 Infix arithmetic (KKT,FJ)
\calc@Acount=\count106
\calc@Bcount=\count107
\calc@Adimen=\dimen126
\calc@Bdimen=\dimen127
\calc@Askip=\skip51
\calc@Bskip=\skip52
LaTeX Info: Redefining \setlength on input line 80.
LaTeX Info: Redefining \addtolength on input line 81.
\calc@Ccount=\count108
\calc@Cskip=\skip53
)
(C:\Users\mdohmen\AppData\Roaming\MiKTeX\2.9\tex\latex\chngcntr\chngcntr.sty
Package: chngcntr 2009/09/02 v1.0a change counter resetting
)
("C:\Program Files (x86)\MiKTeX 2.9\tex\latex\amsmath\amsmath.sty"
Package: amsmath 2016/06/28 v2.15d AMS math features
\@mathmargin=\skip54

For additional information on amsmath, use the `?' option.
("C:\Program Files (x86)\MiKTeX 2.9\tex\latex\amsmath\amstext.sty"
Package: amstext 2000/06/29 v2.01 AMS text

("C:\Program Files (x86)\MiKTeX 2.9\tex\latex\amsmath\amsgen.sty"
File: amsgen.sty 1999/11/30 v2.0 generic functions
\@emptytoks=\toks26
\ex@=\dimen128
))
("C:\Program Files (x86)\MiKTeX 2.9\tex\latex\amsmath\amsbsy.sty"
Package: amsbsy 1999/11/29 v1.2d Bold Symbols
\pmbraise@=\dimen129
)
("C:\Program Files (x86)\MiKTeX 2.9\tex\latex\amsmath\amsopn.sty"
Package: amsopn 2016/03/08 v2.02 operator names
)
\inf@bad=\count109
LaTeX Info: Redefining \frac on input line 199.
\uproot@=\count110
\leftroot@=\count111
LaTeX Info: Redefining \overline on input line 297.
\classnum@=\count112
\DOTSCASE@=\count113
LaTeX Info: Redefining \ldots on input line 394.
LaTeX Info: Redefining \dots on input line 397.
LaTeX Info: Redefining \cdots on input line 518.
\Mathstrutbox@=\box37
\strutbox@=\box38
\big@size=\dimen130
LaTeX Font Info:    Redeclaring font encoding OML on input line 634.
LaTeX Font Info:    Redeclaring font encoding OMS on input line 635.
\macc@depth=\count114
\c@MaxMatrixCols=\count115
\dotsspace@=\muskip10
\c@parentequation=\count116
\dspbrk@lvl=\count117
\tag@help=\toks27
\row@=\count118
\column@=\count119
\maxfields@=\count120
\andhelp@=\toks28
\eqnshift@=\dimen131
\alignsep@=\dimen132
\tagshift@=\dimen133
\tagwidth@=\dimen134
\totwidth@=\dimen135
\lineht@=\dimen136
\@envbody=\toks29
\multlinegap=\skip55
\multlinetaggap=\skip56
\mathdisplay@stack=\toks30
LaTeX Info: Redefining \[ on input line 2739.
LaTeX Info: Redefining \] on input line 2740.
)
("C:\Program Files (x86)\MiKTeX 2.9\tex\latex\amsfonts\amssymb.sty"
Package: amssymb 2013/01/14 v3.01 AMS font symbols

("C:\Program Files (x86)\MiKTeX 2.9\tex\latex\amsfonts\amsfonts.sty"
Package: amsfonts 2013/01/14 v3.01 Basic AMSFonts support
\symAMSa=\mathgroup4
\symAMSb=\mathgroup5
LaTeX Font Info:    Overwriting math alphabet `\mathfrak' in version `bold'
(Font)                  U/euf/m/n --> U/euf/b/n on input line 106.
))
("C:\Program Files (x86)\MiKTeX 2.9\tex\latex\amscls\amsthm.sty"
Package: amsthm 2015/03/04 v2.20.2
\thm@style=\toks31
\thm@bodyfont=\toks32
\thm@headfont=\toks33
\thm@notefont=\toks34
\thm@headpunct=\toks35
\thm@preskip=\skip57
\thm@postskip=\skip58
\thm@headsep=\skip59
\dth@everypar=\toks36
)
("C:\Program Files (x86)\MiKTeX 2.9\tex\latex\tools\bm.sty"
Package: bm 2016/07/07 v1.2b Bold Symbol Support (DPC/FMi)
\symboldoperators=\mathgroup6
\symboldletters=\mathgroup7
\symboldsymbols=\mathgroup8
LaTeX Font Info:    Redeclaring math alphabet \mathbf on input line 142.
LaTeX Info: Redefining \bm on input line 208.
)
(C:\Users\mdohmen\AppData\Roaming\MiKTeX\2.9\tex\latex\caption\caption.sty
Package: caption 2016/02/21 v3.3-144 Customizing captions (AR)

(C:\Users\mdohmen\AppData\Roaming\MiKTeX\2.9\tex\latex\caption\caption3.sty
Package: caption3 2016/05/22 v1.7-166 caption3 kernel (AR)
Package caption3 Info: TeX engine: e-TeX on input line 67.
\captionmargin=\dimen137
\captionmargin@=\dimen138
\captionwidth=\dimen139
\caption@tempdima=\dimen140
\caption@indent=\dimen141
\caption@parindent=\dimen142
\caption@hangindent=\dimen143
)
\c@ContinuedFloat=\count121
Package caption Info: float package is loaded.
Package caption Info: longtable package is loaded.

(C:\Users\mdohmen\AppData\Roaming\MiKTeX\2.9\tex\latex\caption\ltcaption.sty
Package: ltcaption 2013/06/09 v1.4-94 longtable captions (AR)
)
Package caption Info: rotating package is loaded.
)
(C:\Users\mdohmen\AppData\Roaming\MiKTeX\2.9\tex\latex\mdwtools\mdwlist.sty
Package: mdwlist 1996/05/02 1.1 Various list-related things
)
(C:\Users\mdohmen\AppData\Roaming\MiKTeX\2.9\tex\latex\l3packages\xfrac\xfrac.s
ty (C:\Users\mdohmen\AppData\Roaming\MiKTeX\2.9\tex\latex\l3kernel\expl3.sty
Package: expl3 2017/11/14 L3 programming layer (loader) 

(C:\Users\mdohmen\AppData\Roaming\MiKTeX\2.9\tex\latex\l3kernel\expl3-code.tex
Package: expl3 2017/11/14 L3 programming layer (code)
\c_max_int=\count122
\l_tmpa_int=\count123
\l_tmpb_int=\count124
\g_tmpa_int=\count125
\g_tmpb_int=\count126
\g__intarray_font_int=\count127
\g__prg_map_int=\count128
\c_log_iow=\count129
\l_iow_line_count_int=\count130
\l__iow_line_target_int=\count131
\l__iow_one_indent_int=\count132
\l__iow_indent_int=\count133
\c_zero_dim=\dimen144
\c_max_dim=\dimen145
\l_tmpa_dim=\dimen146
\l_tmpb_dim=\dimen147
\g_tmpa_dim=\dimen148
\g_tmpb_dim=\dimen149
\c_zero_skip=\skip60
\c_max_skip=\skip61
\l_tmpa_skip=\skip62
\l_tmpb_skip=\skip63
\g_tmpa_skip=\skip64
\g_tmpb_skip=\skip65
\c_zero_muskip=\muskip11
\c_max_muskip=\muskip12
\l_tmpa_muskip=\muskip13
\l_tmpb_muskip=\muskip14
\g_tmpa_muskip=\muskip15
\g_tmpb_muskip=\muskip16
\l_keys_choice_int=\count134
\c__fp_leading_shift_int=\count135
\c__fp_middle_shift_int=\count136
\c__fp_trailing_shift_int=\count137
\c__fp_big_leading_shift_int=\count138
\c__fp_big_middle_shift_int=\count139
\c__fp_big_trailing_shift_int=\count140
\c__fp_Bigg_leading_shift_int=\count141
\c__fp_Bigg_middle_shift_int=\count142
\c__fp_Bigg_trailing_shift_int=\count143
\c__fp_rand_size_int=\count144
\c__fp_rand_four_int=\count145
\c__fp_rand_eight_int=\count146
\l__sort_length_int=\count147
\l__sort_min_int=\count148
\l__sort_top_int=\count149
\l__sort_max_int=\count150
\l__sort_true_max_int=\count151
\l__sort_block_int=\count152
\l__sort_begin_int=\count153
\l__sort_end_int=\count154
\l__sort_A_int=\count155
\l__sort_B_int=\count156
\l__sort_C_int=\count157
\l__tl_build_start_index_int=\count158
\l__tl_build_index_int=\count159
\l__tl_analysis_normal_int=\count160
\l__tl_analysis_index_int=\count161
\l__tl_analysis_nesting_int=\count162
\l__tl_analysis_type_int=\count163
\l__regex_internal_a_int=\count164
\l__regex_internal_b_int=\count165
\l__regex_internal_c_int=\count166
\l__regex_balance_int=\count167
\l__regex_group_level_int=\count168
\l__regex_mode_int=\count169
\c__regex_cs_in_class_mode_int=\count170
\c__regex_cs_mode_int=\count171
\l__regex_catcodes_int=\count172
\l__regex_default_catcodes_int=\count173
\c__regex_catcode_D_int=\count174
\c__regex_catcode_S_int=\count175
\c__regex_catcode_L_int=\count176
\c__regex_catcode_O_int=\count177
\c__regex_catcode_A_int=\count178
\c__regex_all_catcodes_int=\count179
\l__regex_show_lines_int=\count180
\l__regex_min_state_int=\count181
\l__regex_max_state_int=\count182
\l__regex_left_state_int=\count183
\l__regex_right_state_int=\count184
\l__regex_capturing_group_int=\count185
\l__regex_min_pos_int=\count186
\l__regex_max_pos_int=\count187
\l__regex_curr_pos_int=\count188
\l__regex_start_pos_int=\count189
\l__regex_success_pos_int=\count190
\l__regex_curr_char_int=\count191
\l__regex_curr_catcode_int=\count192
\l__regex_last_char_int=\count193
\l__regex_case_changed_char_int=\count194
\l__regex_curr_state_int=\count195
\l__regex_step_int=\count196
\l__regex_min_active_int=\count197
\l__regex_max_active_int=\count198
\l__regex_replacement_csnames_int=\count199
\l__regex_match_count_int=\count266
\l__regex_min_submatch_int=\count267
\l__regex_submatch_int=\count268
\l__regex_zeroth_submatch_int=\count269
\g__debug_trace_regex_int=\count270
\c_empty_box=\box39
\l_tmpa_box=\box40
\l_tmpb_box=\box41
\g_tmpa_box=\box42
\g_tmpb_box=\box43
\l__box_top_dim=\dimen150
\l__box_bottom_dim=\dimen151
\l__box_left_dim=\dimen152
\l__box_right_dim=\dimen153
\l__box_top_new_dim=\dimen154
\l__box_bottom_new_dim=\dimen155
\l__box_left_new_dim=\dimen156
\l__box_right_new_dim=\dimen157
\l__box_internal_box=\box44
\l__coffin_internal_box=\box45
\l__coffin_internal_dim=\dimen158
\l__coffin_offset_x_dim=\dimen159
\l__coffin_offset_y_dim=\dimen160
\l__coffin_x_dim=\dimen161
\l__coffin_y_dim=\dimen162
\l__coffin_x_prime_dim=\dimen163
\l__coffin_y_prime_dim=\dimen164
\c_empty_coffin=\box46
\l__coffin_aligned_coffin=\box47
\l__coffin_aligned_internal_coffin=\box48
\l_tmpa_coffin=\box49
\l_tmpb_coffin=\box50
\l__coffin_display_coffin=\box51
\l__coffin_display_coord_coffin=\box52
\l__coffin_display_pole_coffin=\box53
\l__coffin_display_offset_dim=\dimen165
\l__coffin_display_x_dim=\dimen166
\l__coffin_display_y_dim=\dimen167
\l__coffin_bounding_shift_dim=\dimen168
\l__coffin_left_corner_dim=\dimen169
\l__coffin_right_corner_dim=\dimen170
\l__coffin_bottom_corner_dim=\dimen171
\l__coffin_top_corner_dim=\dimen172
\l__coffin_scaled_total_height_dim=\dimen173
\l__coffin_scaled_width_dim=\dimen174
) (C:\Users\mdohmen\AppData\Roaming\MiKTeX\2.9\tex\latex\l3kernel\l3pdfmode.def
File: l3pdfmode.def 2017/03/18 v L3 Experimental driver: PDF mode
\l__driver_color_stack_int=\count271
\l__driver_tmp_box=\box54
))
(C:\Users\mdohmen\AppData\Roaming\MiKTeX\2.9\tex\latex\l3packages\l3keys2e\l3ke
ys2e.sty
Package: l3keys2e 2017/11/14 LaTeX2e option processing using LaTeX3 keys
) ("C:\Program Files (x86)\MiKTeX 2.9\tex\latex\base\textcomp.sty"
Package: textcomp 2016/06/19 v1.99m Standard LaTeX package
Package textcomp Info: Sub-encoding information:
(textcomp)               5 = only ISO-Adobe without \textcurrency
(textcomp)               4 = 5 + \texteuro
(textcomp)               3 = 4 + \textohm
(textcomp)               2 = 3 + \textestimated + \textcurrency
(textcomp)               1 = TS1 - \textcircled - \t
(textcomp)               0 = TS1 (full)
(textcomp)             Font families with sub-encoding setting implement
(textcomp)             only a restricted character set as indicated.
(textcomp)             Family '?' is the default used for unknown fonts.
(textcomp)             See the documentation for details.
Package textcomp Info: Setting ? sub-encoding to TS1/1 on input line 79.

("C:\Program Files (x86)\MiKTeX 2.9\tex\latex\base\ts1enc.def"
File: ts1enc.def 2001/06/05 v3.0e (jk/car/fm) Standard LaTeX file
Now handling font encoding TS1 ...
... processing UTF-8 mapping file for font encoding TS1

("C:\Program Files (x86)\MiKTeX 2.9\tex\latex\base\ts1enc.dfu"
File: ts1enc.dfu 2016/02/28 v1.1s UTF-8 support for inputenc
   defining Unicode char U+00A2 (decimal 162)
   defining Unicode char U+00A3 (decimal 163)
   defining Unicode char U+00A4 (decimal 164)
   defining Unicode char U+00A5 (decimal 165)
   defining Unicode char U+00A6 (decimal 166)
   defining Unicode char U+00A7 (decimal 167)
   defining Unicode char U+00A8 (decimal 168)
   defining Unicode char U+00A9 (decimal 169)
   defining Unicode char U+00AA (decimal 170)
   defining Unicode char U+00AC (decimal 172)
   defining Unicode char U+00AE (decimal 174)
   defining Unicode char U+00AF (decimal 175)
   defining Unicode char U+00B0 (decimal 176)
   defining Unicode char U+00B1 (decimal 177)
   defining Unicode char U+00B2 (decimal 178)
   defining Unicode char U+00B3 (decimal 179)
   defining Unicode char U+00B4 (decimal 180)
   defining Unicode char U+00B5 (decimal 181)
   defining Unicode char U+00B6 (decimal 182)
   defining Unicode char U+00B7 (decimal 183)
   defining Unicode char U+00B9 (decimal 185)
   defining Unicode char U+00BA (decimal 186)
   defining Unicode char U+00BC (decimal 188)
   defining Unicode char U+00BD (decimal 189)
   defining Unicode char U+00BE (decimal 190)
   defining Unicode char U+00D7 (decimal 215)
   defining Unicode char U+00F7 (decimal 247)
   defining Unicode char U+0192 (decimal 402)
   defining Unicode char U+02C7 (decimal 711)
   defining Unicode char U+02D8 (decimal 728)
   defining Unicode char U+02DD (decimal 733)
   defining Unicode char U+0E3F (decimal 3647)
   defining Unicode char U+2016 (decimal 8214)
   defining Unicode char U+2020 (decimal 8224)
   defining Unicode char U+2021 (decimal 8225)
   defining Unicode char U+2022 (decimal 8226)
   defining Unicode char U+2030 (decimal 8240)
   defining Unicode char U+2031 (decimal 8241)
   defining Unicode char U+203B (decimal 8251)
   defining Unicode char U+203D (decimal 8253)
   defining Unicode char U+2044 (decimal 8260)
   defining Unicode char U+204E (decimal 8270)
   defining Unicode char U+2052 (decimal 8274)
   defining Unicode char U+20A1 (decimal 8353)
   defining Unicode char U+20A4 (decimal 8356)
   defining Unicode char U+20A6 (decimal 8358)
   defining Unicode char U+20A9 (decimal 8361)
   defining Unicode char U+20AB (decimal 8363)
   defining Unicode char U+20AC (decimal 8364)
   defining Unicode char U+20B1 (decimal 8369)
   defining Unicode char U+2103 (decimal 8451)
   defining Unicode char U+2116 (decimal 8470)
   defining Unicode char U+2117 (decimal 8471)
   defining Unicode char U+211E (decimal 8478)
   defining Unicode char U+2120 (decimal 8480)
   defining Unicode char U+2122 (decimal 8482)
   defining Unicode char U+2126 (decimal 8486)
   defining Unicode char U+2127 (decimal 8487)
   defining Unicode char U+212E (decimal 8494)
   defining Unicode char U+2190 (decimal 8592)
   defining Unicode char U+2191 (decimal 8593)
   defining Unicode char U+2192 (decimal 8594)
   defining Unicode char U+2193 (decimal 8595)
   defining Unicode char U+2329 (decimal 9001)
   defining Unicode char U+232A (decimal 9002)
   defining Unicode char U+2422 (decimal 9250)
   defining Unicode char U+25E6 (decimal 9702)
   defining Unicode char U+25EF (decimal 9711)
   defining Unicode char U+266A (decimal 9834)
))
LaTeX Info: Redefining \oldstylenums on input line 334.
Package textcomp Info: Setting cmr sub-encoding to TS1/0 on input line 349.
Package textcomp Info: Setting cmss sub-encoding to TS1/0 on input line 350.
Package textcomp Info: Setting cmtt sub-encoding to TS1/0 on input line 351.
Package textcomp Info: Setting cmvtt sub-encoding to TS1/0 on input line 352.
Package textcomp Info: Setting cmbr sub-encoding to TS1/0 on input line 353.
Package textcomp Info: Setting cmtl sub-encoding to TS1/0 on input line 354.
Package textcomp Info: Setting ccr sub-encoding to TS1/0 on input line 355.
Package textcomp Info: Setting ptm sub-encoding to TS1/4 on input line 356.
Package textcomp Info: Setting pcr sub-encoding to TS1/4 on input line 357.
Package textcomp Info: Setting phv sub-encoding to TS1/4 on input line 358.
Package textcomp Info: Setting ppl sub-encoding to TS1/3 on input line 359.
Package textcomp Info: Setting pag sub-encoding to TS1/4 on input line 360.
Package textcomp Info: Setting pbk sub-encoding to TS1/4 on input line 361.
Package textcomp Info: Setting pnc sub-encoding to TS1/4 on input line 362.
Package textcomp Info: Setting pzc sub-encoding to TS1/4 on input line 363.
Package textcomp Info: Setting bch sub-encoding to TS1/4 on input line 364.
Package textcomp Info: Setting put sub-encoding to TS1/5 on input line 365.
Package textcomp Info: Setting uag sub-encoding to TS1/5 on input line 366.
Package textcomp Info: Setting ugq sub-encoding to TS1/5 on input line 367.
Package textcomp Info: Setting ul8 sub-encoding to TS1/4 on input line 368.
Package textcomp Info: Setting ul9 sub-encoding to TS1/4 on input line 369.
Package textcomp Info: Setting augie sub-encoding to TS1/5 on input line 370.
Package textcomp Info: Setting dayrom sub-encoding to TS1/3 on input line 371.
Package textcomp Info: Setting dayroms sub-encoding to TS1/3 on input line 372.

Package textcomp Info: Setting pxr sub-encoding to TS1/0 on input line 373.
Package textcomp Info: Setting pxss sub-encoding to TS1/0 on input line 374.
Package textcomp Info: Setting pxtt sub-encoding to TS1/0 on input line 375.
Package textcomp Info: Setting txr sub-encoding to TS1/0 on input line 376.
Package textcomp Info: Setting txss sub-encoding to TS1/0 on input line 377.
Package textcomp Info: Setting txtt sub-encoding to TS1/0 on input line 378.
Package textcomp Info: Setting lmr sub-encoding to TS1/0 on input line 379.
Package textcomp Info: Setting lmdh sub-encoding to TS1/0 on input line 380.
Package textcomp Info: Setting lmss sub-encoding to TS1/0 on input line 381.
Package textcomp Info: Setting lmssq sub-encoding to TS1/0 on input line 382.
Package textcomp Info: Setting lmvtt sub-encoding to TS1/0 on input line 383.
Package textcomp Info: Setting lmtt sub-encoding to TS1/0 on input line 384.
Package textcomp Info: Setting qhv sub-encoding to TS1/0 on input line 385.
Package textcomp Info: Setting qag sub-encoding to TS1/0 on input line 386.
Package textcomp Info: Setting qbk sub-encoding to TS1/0 on input line 387.
Package textcomp Info: Setting qcr sub-encoding to TS1/0 on input line 388.
Package textcomp Info: Setting qcs sub-encoding to TS1/0 on input line 389.
Package textcomp Info: Setting qpl sub-encoding to TS1/0 on input line 390.
Package textcomp Info: Setting qtm sub-encoding to TS1/0 on input line 391.
Package textcomp Info: Setting qzc sub-encoding to TS1/0 on input line 392.
Package textcomp Info: Setting qhvc sub-encoding to TS1/0 on input line 393.
Package textcomp Info: Setting futs sub-encoding to TS1/4 on input line 394.
Package textcomp Info: Setting futx sub-encoding to TS1/4 on input line 395.
Package textcomp Info: Setting futj sub-encoding to TS1/4 on input line 396.
Package textcomp Info: Setting hlh sub-encoding to TS1/3 on input line 397.
Package textcomp Info: Setting hls sub-encoding to TS1/3 on input line 398.
Package textcomp Info: Setting hlst sub-encoding to TS1/3 on input line 399.
Package textcomp Info: Setting hlct sub-encoding to TS1/5 on input line 400.
Package textcomp Info: Setting hlx sub-encoding to TS1/5 on input line 401.
Package textcomp Info: Setting hlce sub-encoding to TS1/5 on input line 402.
Package textcomp Info: Setting hlcn sub-encoding to TS1/5 on input line 403.
Package textcomp Info: Setting hlcw sub-encoding to TS1/5 on input line 404.
Package textcomp Info: Setting hlcf sub-encoding to TS1/5 on input line 405.
Package textcomp Info: Setting pplx sub-encoding to TS1/3 on input line 406.
Package textcomp Info: Setting pplj sub-encoding to TS1/3 on input line 407.
Package textcomp Info: Setting ptmx sub-encoding to TS1/4 on input line 408.
Package textcomp Info: Setting ptmj sub-encoding to TS1/4 on input line 409.
)
(C:\Users\mdohmen\AppData\Roaming\MiKTeX\2.9\tex\latex\l3packages\xparse\xparse
.sty
Package: xparse 2017/11/14 L3 Experimental document command parser
\l__xparse_current_arg_int=\count272
\g__xparse_grabber_int=\count273
\l__xparse_m_args_int=\count274
\l__xparse_mandatory_args_int=\count275
\l__xparse_v_nesting_int=\count276
)
(C:\Users\mdohmen\AppData\Roaming\MiKTeX\2.9\tex\latex\l3packages\xtemplate\xte
mplate.sty
Package: xtemplate 2017/11/14 L3 Experimental prototype document functions
\l__xtemplate_tmp_dim=\dimen175
\l__xtemplate_tmp_int=\count277
\l__xtemplate_tmp_muskip=\muskip17
\l__xtemplate_tmp_skip=\skip66
)
Package: xfrac 2017/11/14 L3 Experimental split-level fractions
\l__xfrac_slash_box=\box55
\l__xfrac_tmp_box=\box56
\l__xfrac_denominator_bot_sep_dim=\dimen176
\l__xfrac_numerator_bot_sep_dim=\dimen177
\l__xfrac_numerator_top_sep_dim=\dimen178
\l__xfrac_slash_left_sep_dim=\dimen179
\l__xfrac_slash_right_sep_dim=\dimen180
\l__xfrac_slash_left_muskip=\muskip18
\l__xfrac_slash_right_muskip=\muskip19
.................................................
. xtemplate info: "declare-object-type"
. 
. Declaring object type 'xfrac' taking 3 argument(s) on line 80.
.................................................
.................................................
. LaTeX info: "xparse/define-command"
. 
. Defining command \sfrac with sig. 'omom' on line 419.
.................................................
)
(C:\Users\mdohmen\AppData\Roaming\MiKTeX\2.9\tex\latex\setspace\setspace.sty
Package: setspace 2011/12/19 v6.7a set line spacing
)
(C:\Users\mdohmen\AppData\Roaming\MiKTeX\2.9\tex\latex\xcolor\xcolor.sty
Package: xcolor 2016/05/11 v2.12 LaTeX color extensions (UK)

("C:\Program Files (x86)\MiKTeX 2.9\tex\latex\00miktex\color.cfg"
File: color.cfg 2016/01/02 v1.6 sample color configuration
)
Package xcolor Info: Driver file: pdftex.def on input line 225.
Package xcolor Info: Model `cmy' substituted by `cmy0' on input line 1348.
Package xcolor Info: Model `hsb' substituted by `rgb' on input line 1352.
Package xcolor Info: Model `RGB' extended on input line 1364.
Package xcolor Info: Model `HTML' substituted by `rgb' on input line 1366.
Package xcolor Info: Model `Hsb' substituted by `hsb' on input line 1367.
Package xcolor Info: Model `tHsb' substituted by `hsb' on input line 1368.
Package xcolor Info: Model `HSB' substituted by `hsb' on input line 1369.
Package xcolor Info: Model `Gray' substituted by `gray' on input line 1370.
Package xcolor Info: Model `wave' substituted by `hsb' on input line 1371.
)
(C:\Users\mdohmen\AppData\Roaming\MiKTeX\2.9\tex\generic\genmisc\nth.sty
Package: nth 2002/02/27
)
(C:\Users\mdohmen\AppData\Roaming\MiKTeX\2.9\tex\latex\subfloat\subfloat.sty
Package: subfloat 2003/08/21 version 2.14

Package `subfloat', Version 2.14 of 2003/08/21.

Package subfloat Warning: Numbers of floats not counted:
(subfloat)                If you use one of the counters subfloatfiguremax or
(subfloat)                subfloattablemax you will get strange error messages
(subfloat)                containing \c@subfloatfiguremax or
(subfloat)                \c@subfloattablemax:
(subfloat)                Please switch on countmax or remove the code using
(subfloat)                the counter then..

) (C:\Users\mdohmen\AppData\Roaming\MiKTeX\2.9\tex\latex\biblatex\biblatex.sty
Package: biblatex 2017/11/21 v3.9 programmable bibliographies (PK/JW/AB)

(C:\Users\mdohmen\AppData\Roaming\MiKTeX\2.9\tex\latex\etoolbox\etoolbox.sty
Package: etoolbox 2017/11/22 v2.5 e-TeX tools for LaTeX (JAW)
\etb@tempcnta=\count278
)
(C:\Users\mdohmen\AppData\Roaming\MiKTeX\2.9\tex\latex\logreq\logreq.sty
Package: logreq 2010/08/04 v1.0 xml request logger
\lrq@indent=\count279

(C:\Users\mdohmen\AppData\Roaming\MiKTeX\2.9\tex\latex\logreq\logreq.def
File: logreq.def 2010/08/04 v1.0 logreq spec v1.0
))
(C:\Users\mdohmen\AppData\Roaming\MiKTeX\2.9\tex\latex\url\url.sty
\Urlmuskip=\muskip20
Package: url 2013/09/16  ver 3.4  Verb mode for urls, etc.
)
(C:\Users\mdohmen\AppData\Roaming\MiKTeX\2.9\tex\latex\xstring\xstring.sty
(C:\Users\mdohmen\AppData\Roaming\MiKTeX\2.9\tex\generic\xstring\xstring.tex
\@xs@message=\write4
\integerpart=\count280
\decimalpart=\count281
)
Package: xstring 2013/10/13  v1.7c  String manipulations (C Tellechea)
)
\c@tabx@nest=\count282
\c@listtotal=\count283
\c@listcount=\count284
\c@liststart=\count285
\c@liststop=\count286
\c@citecount=\count287
\c@citetotal=\count288
\c@multicitecount=\count289
\c@multicitetotal=\count290
\c@instcount=\count291
\c@maxnames=\count292
\c@minnames=\count293
\c@maxitems=\count294
\c@minitems=\count295
\c@citecounter=\count296
\c@savedcitecounter=\count297
\c@uniquelist=\count298
\c@uniquename=\count299
\c@refsection=\count300
\c@refsegment=\count301
\c@maxextratitle=\count302
\c@maxextratitleyear=\count303
\c@maxextradate=\count304
\c@maxextraalpha=\count305
\c@abbrvpenalty=\count306
\c@highnamepenalty=\count307
\c@lownamepenalty=\count308
\c@maxparens=\count309
\c@parenlevel=\count310
\blx@tempcnta=\count311
\blx@tempcntb=\count312
\blx@tempcntc=\count313
\blx@maxsection=\count314
\blx@maxsegment@0=\count315
\blx@notetype=\count316
\blx@parenlevel@text=\count317
\blx@parenlevel@foot=\count318
\blx@sectionciteorder@0=\count319
\labelnumberwidth=\skip67
\labelalphawidth=\skip68
\biblabelsep=\skip69
\bibitemsep=\skip70
\bibnamesep=\skip71
\bibinitsep=\skip72
\bibparsep=\skip73
\bibhang=\skip74
\blx@bcfin=\read3
\blx@bcfout=\write5
\c@mincomprange=\count320
\c@maxcomprange=\count321
\c@mincompwidth=\count322
Package biblatex Info: Trying to load biblatex default data model...
Package biblatex Info: ... file 'blx-dm.def' found.

(C:\Users\mdohmen\AppData\Roaming\MiKTeX\2.9\tex\latex\biblatex\blx-dm.def)
Package biblatex Info: Trying to load biblatex citestyle data model...
Package biblatex Info: ... file 'authoryear-comp.dbx' not found.
Package biblatex Info: Trying to load biblatex bibstyle data model...
Package biblatex Info: ... file 'authoryear-ibid.dbx' not found.
Package biblatex Info: Trying to load biblatex custom data model...
Package biblatex Info: ... file 'biblatex-dm.cfg' not found.
\c@afterword=\count323
\c@savedafterword=\count324
\c@annotator=\count325
\c@savedannotator=\count326
\c@author=\count327
\c@savedauthor=\count328
\c@bookauthor=\count329
\c@savedbookauthor=\count330
\c@commentator=\count331
\c@savedcommentator=\count332
\c@editor=\count333
\c@savededitor=\count334
\c@editora=\count335
\c@savededitora=\count336
\c@editorb=\count337
\c@savededitorb=\count338
\c@editorc=\count339
\c@savededitorc=\count340
\c@foreword=\count341
\c@savedforeword=\count342
\c@holder=\count343
\c@savedholder=\count344
\c@introduction=\count345
\c@savedintroduction=\count346
\c@namea=\count347
\c@savednamea=\count348
\c@nameb=\count349
\c@savednameb=\count350
\c@namec=\count351
\c@savednamec=\count352
\c@translator=\count353
\c@savedtranslator=\count354
\c@shortauthor=\count355
\c@savedshortauthor=\count356
\c@shorteditor=\count357
\c@savedshorteditor=\count358
\c@labelname=\count359
\c@savedlabelname=\count360
\c@institution=\count361
\c@savedinstitution=\count362
\c@lista=\count363
\c@savedlista=\count364
\c@listb=\count365
\c@savedlistb=\count366
\c@listc=\count367
\c@savedlistc=\count368
\c@listd=\count369
\c@savedlistd=\count370
\c@liste=\count371
\c@savedliste=\count372
\c@listf=\count373
\c@savedlistf=\count374
\c@location=\count375
\c@savedlocation=\count376
\c@organization=\count377
\c@savedorganization=\count378
\c@origlocation=\count379
\c@savedoriglocation=\count380
\c@origpublisher=\count381
\c@savedorigpublisher=\count382
\c@publisher=\count383
\c@savedpublisher=\count384
\c@language=\count385
\c@savedlanguage=\count386
\c@origlanguage=\count387
\c@savedoriglanguage=\count388
\c@pageref=\count389
\c@savedpageref=\count390
\shorthandwidth=\skip75
\shortjournalwidth=\skip76
\shortserieswidth=\skip77
\shorttitlewidth=\skip78
\shortauthorwidth=\skip79
\shorteditorwidth=\skip80
Package biblatex Info: Trying to load compatibility code...
Package biblatex Info: ... file 'blx-compat.def' found.

(C:\Users\mdohmen\AppData\Roaming\MiKTeX\2.9\tex\latex\biblatex\blx-compat.def
File: blx-compat.def 2017/11/21 v3.9 biblatex compatibility (PK/JW/AB)
)
Package biblatex Info: Trying to load BibTeX backend compatibility...
Package biblatex Info: ... file 'blx-bibtex.def' found.
(C:\Users\mdohmen\AppData\Roaming\MiKTeX\2.9\tex\latex\biblatex\blx-bibtex.def
File: blx-bibtex.def 2017/11/21 v3.9 biblatex compatibility (PK/JW/AB)


Package biblatex Warning: Using fall-back BibTeX(8) backend:
(biblatex)                functionality may be reduced/unavailable.

)
Package biblatex Info: Trying to load generic definitions...
Package biblatex Info: ... file 'biblatex.def' found.
 (C:\Users\mdohmen\AppData\Roaming\MiKTeX\2.9\tex\latex\biblatex\biblatex.def
File: biblatex.def 2017/11/21 v3.9 biblatex compatibility (PK/JW/AB)
\c@textcitecount=\count391
\c@textcitetotal=\count392
\c@textcitemaxnames=\count393
\c@biburlnumpenalty=\count394
\c@biburlucpenalty=\count395
\c@biburllcpenalty=\count396
\c@smartand=\count397
)
Package biblatex Info: Trying to load natbib compatibility...
Package biblatex Info: ... file 'blx-natbib.def' found.
(C:\Users\mdohmen\AppData\Roaming\MiKTeX\2.9\tex\latex\biblatex\blx-natbib.def
File: blx-natbib.def 2017/11/21 v3.9 biblatex compatibility (PK/JW/AB)
)
Package biblatex Info: Trying to load bibliography style 'authoryear-ibid'...
Package biblatex Info: ... file 'authoryear-ibid.bbx' found.

(C:\Users\mdohmen\AppData\Roaming\MiKTeX\2.9\tex\latex\biblatex\bbx\authoryear-
ibid.bbx
File: authoryear-ibid.bbx 2017/11/21 v3.9 biblatex bibliography style (PK/JW/AB
)
Package biblatex Info: Trying to load bibliography style 'authoryear'...
Package biblatex Info: ... file 'authoryear.bbx' found.

(C:\Users\mdohmen\AppData\Roaming\MiKTeX\2.9\tex\latex\biblatex\bbx\authoryear.
bbx
File: authoryear.bbx 2017/11/21 v3.9 biblatex bibliography style (PK/JW/AB)
Package biblatex Info: Trying to load bibliography style 'standard'...
Package biblatex Info: ... file 'standard.bbx' found.

(C:\Users\mdohmen\AppData\Roaming\MiKTeX\2.9\tex\latex\biblatex\bbx\standard.bb
x
File: standard.bbx 2017/11/21 v3.9 biblatex bibliography style (PK/JW/AB)
\c@bbx:relatedcount=\count398
\c@bbx:relatedtotal=\count399
)))
Package biblatex Info: Trying to load citation style 'authoryear-comp'...
Package biblatex Info: ... file 'authoryear-comp.cbx' found.

(C:\Users\mdohmen\AppData\Roaming\MiKTeX\2.9\tex\latex\biblatex\cbx\authoryear-
comp.cbx
File: authoryear-comp.cbx 2017/11/21 v3.9 biblatex citation style (PK/JW/AB)
Package biblatex Info: Redefining '\cite'.
Package biblatex Info: Redefining '\parencite'.
Package biblatex Info: Redefining '\footcite'.
Package biblatex Info: Redefining '\footcitetext'.
Package biblatex Info: Redefining '\smartcite'.
Package biblatex Info: Redefining '\textcite'.
Package biblatex Info: Redefining '\textcites'.
Package biblatex Info: Redefining '\cites'.
Package biblatex Info: Redefining '\parencites'.
Package biblatex Info: Redefining '\footcites'.
Package biblatex Info: Redefining '\footcitetexts'.
Package biblatex Info: Redefining '\smartcites'.
)
Package biblatex Info: Trying to load configuration file...
Package biblatex Info: ... file 'biblatex.cfg' found.

(C:\Users\mdohmen\AppData\Roaming\MiKTeX\2.9\tex\latex\biblatex\biblatex.cfg
File: biblatex.cfg 
))
("C:\Program Files (x86)\MiKTeX 2.9\tex\latex\hyperref\hyperref.sty"
Package: hyperref 2016/06/24 v6.83q Hypertext links for LaTeX

("C:\Program Files (x86)\MiKTeX 2.9\tex\generic\oberdiek\hobsub-hyperref.sty"
Package: hobsub-hyperref 2016/05/16 v1.14 Bundle oberdiek, subset hyperref (HO)


("C:\Program Files (x86)\MiKTeX 2.9\tex\generic\oberdiek\hobsub-generic.sty"
Package: hobsub-generic 2016/05/16 v1.14 Bundle oberdiek, subset generic (HO)
Package: hobsub 2016/05/16 v1.14 Construct package bundles (HO)
Package hobsub Info: Skipping package `infwarerr' (already loaded).
Package hobsub Info: Skipping package `ltxcmds' (already loaded).
Package hobsub Info: Skipping package `ifluatex' (already loaded).
Package: ifvtex 2016/05/16 v1.6 Detect VTeX and its facilities (HO)
Package ifvtex Info: VTeX not detected.
Package: intcalc 2016/05/16 v1.2 Expandable calculations with integers (HO)
Package hobsub Info: Skipping package `ifpdf' (already loaded).
Package hobsub Info: Skipping package `etexcmds' (already loaded).
Package hobsub Info: Skipping package `kvsetkeys' (already loaded).
Package hobsub Info: Skipping package `kvdefinekeys' (already loaded).
Package hobsub Info: Skipping package `pdftexcmds' (already loaded).
Package: pdfescape 2016/05/16 v1.14 Implements pdfTeX's escape features (HO)
Package: bigintcalc 2016/05/16 v1.4 Expandable calculations on big integers (HO
)
Package: bitset 2016/05/16 v1.2 Handle bit-vector datatype (HO)
Package: uniquecounter 2016/05/16 v1.3 Provide unlimited unique counter (HO)
)
Package hobsub Info: Skipping package `hobsub' (already loaded).
Package: letltxmacro 2016/05/16 v1.5 Let assignment for LaTeX macros (HO)
Package: hopatch 2016/05/16 v1.3 Wrapper for package hooks (HO)
Package: xcolor-patch 2016/05/16 xcolor patch
Package: atveryend 2016/05/16 v1.9 Hooks at the very end of document (HO)
Package atveryend Info: \AP@enddocument detected (standard20110627).
Package: atbegshi 2016/06/09 v1.18 At begin shipout hook (HO)
Package: refcount 2016/05/16 v3.5 Data extraction from label references (HO)
Package: hycolor 2016/05/16 v1.8 Color options for hyperref/bookmark (HO)
)
("C:\Program Files (x86)\MiKTeX 2.9\tex\generic\ifxetex\ifxetex.sty"
Package: ifxetex 2010/09/12 v0.6 Provides ifxetex conditional
)
("C:\Program Files (x86)\MiKTeX 2.9\tex\latex\oberdiek\auxhook.sty"
Package: auxhook 2016/05/16 v1.4 Hooks for auxiliary files (HO)
)
\@linkdim=\dimen181
\Hy@linkcounter=\count400
\Hy@pagecounter=\count401

("C:\Program Files (x86)\MiKTeX 2.9\tex\latex\hyperref\pd1enc.def"
File: pd1enc.def 2016/06/24 v6.83q Hyperref: PDFDocEncoding definition (HO)
Now handling font encoding PD1 ...
... no UTF-8 mapping file for font encoding PD1
)
\Hy@SavedSpaceFactor=\count402

("C:\Program Files (x86)\MiKTeX 2.9\tex\latex\00miktex\hyperref.cfg"
File: hyperref.cfg 2002/06/06 v1.2 hyperref configuration of TeXLive
)
Package hyperref Info: Option `unicode' set `true' on input line 4362.

("C:\Program Files (x86)\MiKTeX 2.9\tex\latex\hyperref\puenc.def"
File: puenc.def 2016/06/24 v6.83q Hyperref: PDF Unicode definition (HO)
Now handling font encoding PU ...
... no UTF-8 mapping file for font encoding PU
)
Package hyperref Info: Hyper figures OFF on input line 4486.
Package hyperref Info: Link nesting OFF on input line 4491.
Package hyperref Info: Hyper index ON on input line 4494.
Package hyperref Info: Plain pages OFF on input line 4501.
Package hyperref Info: Backreferencing OFF on input line 4506.
Package hyperref Info: Implicit mode ON; LaTeX internals redefined.
Package hyperref Info: Bookmarks ON on input line 4735.
\c@Hy@tempcnt=\count403
LaTeX Info: Redefining \url on input line 5088.
\XeTeXLinkMargin=\dimen182
\Fld@menulength=\count404
\Field@Width=\dimen183
\Fld@charsize=\dimen184
Package hyperref Info: Hyper figures OFF on input line 6342.
Package hyperref Info: Link nesting OFF on input line 6347.
Package hyperref Info: Hyper index ON on input line 6350.
Package hyperref Info: backreferencing OFF on input line 6357.
Package hyperref Info: Link coloring OFF on input line 6362.
Package hyperref Info: Link coloring with OCG OFF on input line 6367.
Package hyperref Info: PDF/A mode OFF on input line 6372.
LaTeX Info: Redefining \ref on input line 6412.
LaTeX Info: Redefining \pageref on input line 6416.
\Hy@abspage=\count405
\c@Item=\count406
\c@Hfootnote=\count407
)

Package hyperref Message: Driver (autodetected): hpdftex.

("C:\Program Files (x86)\MiKTeX 2.9\tex\latex\hyperref\hpdftex.def"
File: hpdftex.def 2016/06/24 v6.83q Hyperref driver for pdfTeX
\Fld@listcount=\count408
\c@bookmark@seq@number=\count409

("C:\Program Files (x86)\MiKTeX 2.9\tex\latex\oberdiek\rerunfilecheck.sty"
Package: rerunfilecheck 2016/05/16 v1.8 Rerun checks for auxiliary files (HO)
Package uniquecounter Info: New unique counter `rerunfilecheck' on input line 2
82.
)
\Hy@SectionHShift=\skip81
)
Package hyperref Info: Option `colorlinks' set `true' on input line 49.

(C:\Users\mdohmen\AppData\Roaming\MiKTeX\2.9\tex\latex\titlesec\titlesec.sty
Package: titlesec 2016/03/21 v2.10.2 Sectioning titles
\ttl@box=\box57
\beforetitleunit=\skip82
\aftertitleunit=\skip83
\ttl@plus=\dimen185
\ttl@minus=\dimen186
\ttl@toksa=\toks37
\titlewidth=\dimen187
\titlewidthlast=\dimen188
\titlewidthfirst=\dimen189
)
Package biblatex Info: Trying to load language 'english'...
Package biblatex Info: ... file 'english.lbx' found.

(C:\Users\mdohmen\AppData\Roaming\MiKTeX\2.9\tex\latex\biblatex\lbx\english.lbx
File: english.lbx 2017/11/21 v3.9 biblatex localization (PK/JW/AB)
)
\@quotelevel=\count410
\@quotereset=\count411
 (S:\prog-econ\final_project_topics_Born\bld\src\paper\research_paper.aux)
\openout1 = `research_paper.aux'.

LaTeX Font Info:    Checking defaults for OML/cmm/m/it on input line 68.
LaTeX Font Info:    ... okay on input line 68.
LaTeX Font Info:    Checking defaults for T1/cmr/m/n on input line 68.
LaTeX Font Info:    ... okay on input line 68.
LaTeX Font Info:    Checking defaults for OT1/cmr/m/n on input line 68.
LaTeX Font Info:    ... okay on input line 68.
LaTeX Font Info:    Checking defaults for OMS/cmsy/m/n on input line 68.
LaTeX Font Info:    ... okay on input line 68.
LaTeX Font Info:    Checking defaults for OMX/cmex/m/n on input line 68.
LaTeX Font Info:    ... okay on input line 68.
LaTeX Font Info:    Checking defaults for U/cmr/m/n on input line 68.
LaTeX Font Info:    ... okay on input line 68.
LaTeX Font Info:    Checking defaults for TS1/cmr/m/n on input line 68.
LaTeX Font Info:    Try loading font information for TS1+cmr on input line 68.

("C:\Program Files (x86)\MiKTeX 2.9\tex\latex\base\ts1cmr.fd"
File: ts1cmr.fd 2014/09/29 v2.5h Standard LaTeX font definitions
)
LaTeX Font Info:    ... okay on input line 68.
LaTeX Font Info:    Checking defaults for PD1/pdf/m/n on input line 68.
LaTeX Font Info:    ... okay on input line 68.
LaTeX Font Info:    Checking defaults for PU/pdf/m/n on input line 68.
LaTeX Font Info:    ... okay on input line 68.

(C:\Users\mdohmen\AppData\Roaming\MiKTeX\2.9\tex\context\base\supp-pdf.mkii
[Loading MPS to PDF converter (version 2006.09.02).]
\scratchcounter=\count412
\scratchdimen=\dimen190
\scratchbox=\box58
\nofMPsegments=\count413
\nofMParguments=\count414
\everyMPshowfont=\toks38
\MPscratchCnt=\count415
\MPscratchDim=\dimen191
\MPnumerator=\count416
\makeMPintoPDFobject=\count417
\everyMPtoPDFconversion=\toks39
)
Package caption Info: Begin \AtBeginDocument code.
Package caption Info: hyperref package is loaded.
Package caption Info: End \AtBeginDocument code.
Package biblatex Info: Input encoding 'utf8' detected.
Package biblatex Info: Automatic encoding selection.
(biblatex)             Assuming data encoding 'utf8'.
Package biblatex Info: Input encoding 'utf8' specified.
Package biblatex Info: Data encoding 'utf8' specified.
(biblatex)             No need to reencode data.
\openout5 = `research_paper-blx.bib'.

Package biblatex Info: Trying to load bibliographic data...
Package biblatex Info: ... file 'research_paper.bbl' found.
 (S:\prog-econ\final_project_topics_Born\bld\src\paper\research_paper.bbl

Package biblatex Warning: BibTeX reported the following issues
(biblatex)                with 'Abadie2014':
(biblatex)                - Invalid format of field 'month'.


Package biblatex Warning: BibTeX reported the following issues
(biblatex)                with 'Becker2018':
(biblatex)                - Invalid format of field 'month'.

)
Package biblatex Info: Reference section=0 on input line 68.
Package biblatex Info: Reference segment=0 on input line 68.
\AtBeginShipoutBox=\box59
Package hyperref Info: Link coloring ON on input line 68.
 ("C:\Program Files (x86)\MiKTeX 2.9\tex\latex\hyperref\nameref.sty"
Package: nameref 2016/05/21 v2.44 Cross-referencing by name of section

("C:\Program Files (x86)\MiKTeX 2.9\tex\generic\oberdiek\gettitlestring.sty"
Package: gettitlestring 2016/05/16 v1.5 Cleanup title references (HO)
)
\c@section@level=\count418
)
LaTeX Info: Redefining \ref on input line 68.
LaTeX Info: Redefining \pageref on input line 68.
LaTeX Info: Redefining \nameref on input line 68.

(S:\prog-econ\final_project_topics_Born\bld\src\paper\research_paper.out)
(S:\prog-econ\final_project_topics_Born\bld\src\paper\research_paper.out)
\@outlinefile=\write6
\openout6 = `research_paper.out'.

LaTeX Font Info:    Try loading font information for U+msa on input line 89.

("C:\Program Files (x86)\MiKTeX 2.9\tex\latex\amsfonts\umsa.fd"
File: umsa.fd 2013/01/14 v3.01 AMS symbols A
)
LaTeX Font Info:    Try loading font information for U+msb on input line 89.

("C:\Program Files (x86)\MiKTeX 2.9\tex\latex\amsfonts\umsb.fd"
File: umsb.fd 2013/01/14 v3.01 AMS symbols B
)
LaTeX Font Info:    Try loading font information for T1+cmtt on input line 89.

("C:\Program Files (x86)\MiKTeX 2.9\tex\latex\base\t1cmtt.fd"
File: t1cmtt.fd 2014/09/29 v2.5h Standard LaTeX font definitions
) [1

{C:/Users/mdohmen/AppData/Local/MiKTeX/2.9/pdftex/config/pdftex.map}] [2

] [3]
(../../out/tables/weights_gdppc_baseline.tex)
(../../out/tables/weights_gdppc_all_year_averages.tex)
(../../out/tables/weights_gdppc_with_covariates.tex) [4

]
(../../out/tables/predictors_gdppc_baseline.tex)
(../../out/tables/predictors_gdppc_all_year_averages.tex)
(../../out/tables/predictors_gdppc_with_covariates.tex)
(../../out/tables/weights_ca_with_covariates.tex) [5]
(../../out/tables/predictors_ca_with_covariates.tex)
(../../out/tables/weights_gdppc_time_placebo.tex)
(../../out/tables/weights_gdppc_country_placebo.tex) [6]
(../../out/tables/predictors_gdppc_time_placebo.tex)
(../../out/tables/predictors_gdppc_country_placebo.tex) [7]
<ECBExchangeRateEURvsCHF_31-01-2008_01-02-2018.jpg, id=88, 622.325pt x 439.6425
pt>
File: ECBExchangeRateEURvsCHF_31-01-2008_01-02-2018.jpg Graphic file (type jpg)

 <use ECBExchangeRateEURvsCHF_31-01-2008_01-02-2018.jpg>
Package pdftex.def Info: ECBExchangeRateEURvsCHF_31-01-2008_01-02-2018.jpg used
 on input line 256.
(pdftex.def)             Requested size: 424.58624pt x 299.95248pt.

<../../out/figures/sc_graph_gdppc_baseline.pdf, id=89, 578.16pt x 433.62pt>
File: ../../out/figures/sc_graph_gdppc_baseline.pdf Graphic file (type pdf)

<use ../../out/figures/sc_graph_gdppc_baseline.pdf>
Package pdftex.def Info: ../../out/figures/sc_graph_gdppc_baseline.pdf used on 
input line 265.
(pdftex.def)             Requested size: 424.58624pt x 318.4389pt.

<../../out/figures/sc_graph_gdppc_all_year_averages.pdf, id=90, 578.16pt x 433.
62pt>
File: ../../out/figures/sc_graph_gdppc_all_year_averages.pdf Graphic file (type
 pdf)
 <use ../../out/figures/sc_graph_gdppc_all_year_averages.pdf>
Package pdftex.def Info: ../../out/figures/sc_graph_gdppc_all_year_averages.pdf
 used on input line 272.
(pdftex.def)             Requested size: 424.58624pt x 318.4389pt.

<../../out/figures/sc_graph_gdppc_with_covariates.pdf, id=91, 578.16pt x 433.62
pt>
File: ../../out/figures/sc_graph_gdppc_with_covariates.pdf Graphic file (type p
df)
 <use ../../out/figures/sc_graph_gdppc_with_covariates.pdf>
Package pdftex.def Info: ../../out/figures/sc_graph_gdppc_with_covariates.pdf u
sed on input line 279.
(pdftex.def)             Requested size: 424.58624pt x 318.4389pt.

<../../out/figures/sc_graph_ca_with_covariates.pdf, id=92, 578.16pt x 433.62pt>
File: ../../out/figures/sc_graph_ca_with_covariates.pdf Graphic file (type pdf)

<use ../../out/figures/sc_graph_ca_with_covariates.pdf>
Package pdftex.def Info: ../../out/figures/sc_graph_ca_with_covariates.pdf used
 on input line 288.
(pdftex.def)             Requested size: 424.58624pt x 318.4389pt.

<../../out/figures/sc_graph_gdppc_time_placebo.pdf, id=93, 578.16pt x 433.62pt>
File: ../../out/figures/sc_graph_gdppc_time_placebo.pdf Graphic file (type pdf)

<use ../../out/figures/sc_graph_gdppc_time_placebo.pdf>
Package pdftex.def Info: ../../out/figures/sc_graph_gdppc_time_placebo.pdf used
 on input line 297.
(pdftex.def)             Requested size: 424.58624pt x 318.4389pt.

<../../out/figures/sc_graph_gdppc_country_placebo.pdf, id=94, 578.16pt x 433.62
pt>
File: ../../out/figures/sc_graph_gdppc_country_placebo.pdf Graphic file (type p
df)
 <use ../../out/figures/sc_graph_gdppc_country_placebo.pdf>
Package pdftex.def Info: ../../out/figures/sc_graph_gdppc_country_placebo.pdf u
sed on input line 304.
(pdftex.def)             Requested size: 424.58624pt x 318.4389pt.
 [8 <S:/prog-econ/final_project_topics_Born/src/paper/ECBExchangeRateEURvsCHF_3
1-01-2008_01-02-2018.jpg>] [9 <../../out/figures/sc_graph_gdppc_baseline.pdf>] 
[10 <../../out/figures/sc_graph_gdppc_all_year_averages.pdf>] [11 <../../out/fi
gures/sc_graph_gdppc_with_covariates.pdf>] [12 <../../out/figures/sc_graph_ca_w
ith_covariates.pdf>] [13 <../../out/figures/sc_graph_gdppc_time_placebo.pdf>] [
14 <../../out/figures/sc_graph_gdppc_country_placebo.pdf>]
Package atveryend Info: Empty hook `BeforeClearDocument' on input line 321.
 [15

]
Package atveryend Info: Empty hook `AfterLastShipout' on input line 321.

(S:\prog-econ\final_project_topics_Born\bld\src\paper\research_paper.aux)
Package atveryend Info: Executing hook `AtVeryEndDocument' on input line 321.
Package atveryend Info: Executing hook `AtEndAfterFileList' on input line 321.
Package rerunfilecheck Info: File `research_paper.out' has not changed.
(rerunfilecheck)             Checksum: 592930E34BEA37C73697173A16A459E9;572.
Package atveryend Info: Empty hook `AtVeryVeryEnd' on input line 321.
Package logreq Info: Writing requests to 'research_paper.run.xml'.
\openout1 = `research_paper.run.xml'.

 ) 
Here is how much of TeX's memory you used:
 28314 strings out of 493334
 493985 string characters out of 3136665
 742817 words of memory out of 3000000
 31420 multiletter control sequences out of 15000+200000
 553430 words of font info for 89 fonts, out of 3000000 for 9000
 1141 hyphenation exceptions out of 8191
 46i,8n,50p,10435b,1359s stack positions out of 5000i,500n,10000p,200000b,50000s
 <C:\Users\mdohmen\AppData\Local\MiKTeX\2.9\fonts\pk\ljfour\jknappen\ec\dpi60
0\ectt1000.pk> <C:\Users\mdohmen\AppData\Local\MiKTeX\2.9\fonts\pk\ljfour\jknap
pen\ec\dpi600\eccc1000.pk> <C:\Users\mdohmen\AppData\Local\MiKTeX\2.9\fonts\pk\
ljfour\jknappen\ec\dpi600\ecti1000.pk> <C:\Users\mdohmen\AppData\Local\MiKTeX\2
.9\fonts\pk\ljfour\jknappen\ec\dpi600\ecbx1000.pk> <C:\Users\mdohmen\AppData\Lo
cal\MiKTeX\2.9\fonts\pk\ljfour\jknappen\ec\dpi600\ecbx1095.pk> <C:\Users\mdohme
n\AppData\Local\MiKTeX\2.9\fonts\pk\ljfour\jknappen\ec\dpi600\ecrm1000.pk> <C:\
Users\mdohmen\AppData\Local\MiKTeX\2.9\fonts\pk\ljfour\jknappen\ec\dpi600\ectt0
800.pk> <C:\Users\mdohmen\AppData\Local\MiKTeX\2.9\fonts\pk\ljfour\jknappen\ec\
dpi600\ecrm0800.pk> <C:\Users\mdohmen\AppData\Local\MiKTeX\2.9\fonts\pk\ljfour\
jknappen\ec\dpi600\tcrm0600.pk> <C:\Users\mdohmen\AppData\Local\MiKTeX\2.9\font
s\pk\ljfour\jknappen\ec\dpi600\ecbx1200.pk> <C:\Users\mdohmen\AppData\Local\MiK
TeX\2.9\fonts\pk\ljfour\jknappen\ec\dpi600\ecrm1200.pk> <C:\Users\mdohmen\AppDa
ta\Local\MiKTeX\2.9\fonts\pk\ljfour\jknappen\ec\dpi600\tcrm1200.pk> <C:\Users\m
dohmen\AppData\Local\MiKTeX\2.9\fonts\pk\ljfour\jknappen\ec\dpi600\ecrm1728.pk>
<C:/Program Files (x86)/MiKTeX 2.9/fonts/type1/public/amsfonts/cm/cmmi10.pfb><C
:/Program Files (x86)/MiKTeX 2.9/fonts/type1/public/amsfonts/cm/cmr10.pfb>
Output written on research_paper.pdf (15 pages, 284312 bytes).
PDF statistics:
 743 PDF objects out of 1000 (max. 8388607)
 46 named destinations out of 1000 (max. 500000)
 76 words of extra memory for PDF output out of 10000 (max. 10000000)

